<?xml version="1.0" encoding="UTF-8"?>
<testng-results ignored="0" total="1" passed="1" failed="0" skipped="0">
  <reporter-output>
  </reporter-output>
  <suite started-at="2022-04-12T11:10:41Z" name="Default suite" finished-at="2022-04-12T11:10:45Z" duration-ms="3893">
    <groups>
    </groups>
    <test started-at="2022-04-12T11:10:41Z" name="Default test" finished-at="2022-04-12T11:10:45Z" duration-ms="3893">
      <class name="com.testautomation.tests.SchemaValidation">
        <test-method signature="schemaValidationTest()[pri:0, instance:com.testautomation.tests.SchemaValidation@455b6df1]" started-at="2022-04-12T11:10:41Z" name="schemaValidationTest" finished-at="2022-04-12T11:10:45Z" duration-ms="3855" status="PASS">
          <reporter-output>
          </reporter-output>
        </test-method> <!-- schemaValidationTest -->
      </class> <!-- com.testautomation.tests.SchemaValidation -->
    </test> <!-- Default test -->
  </suite> <!-- Default suite -->
</testng-results>
